<?xml version="1.0" encoding="UTF-8"?>
<!-- Generated by org.testng.reporters.JUnitXMLReporter -->
<testsuite ignored="0" hostname="DESKTOP-7EUDCAL" failures="0" tests="4" name="Sauce_Tests" time="11.764" errors="0" timestamp="2022-05-17T21:34:43 GMT-04:00">
  <testcase classname="com.sauce.tests.LoginTest" name="in_valid_login" time="4.26"/>
  <testcase classname="com.sauce.tests.LoginTest" name="valid_login" time="2.012"/>
  <testcase classname="com.sauce.tests.AddToCartTest" name="addtocarttest" time="2.202"/>
  <testcase classname="com.sauce.tests.LogOutTest" name="logouttest" time="2.269"/>
</testsuite> <!-- Sauce_Tests -->
