<?xml version="1.0" encoding="UTF-8"?>
<!-- Generated by org.testng.reporters.JUnitXMLReporter -->
<testsuite ignored="0" hostname="DESKTOP-7EUDCAL" failures="0" tests="3" name="Default test" time="0.088" errors="0" timestamp="2022-05-16T22:03:44 GMT-04:00">
  <testcase classname="TestNg_Annotations" name="test1" time="0.008"/>
  <testcase classname="TestNg_Annotations" name="test2" time="0.002"/>
  <testcase classname="TestNg_Annotations" name="test3" time="0.001"/>
</testsuite> <!-- Default test -->
