<?xml version="1.0" encoding="UTF-8"?>
<testng-results ignored="0" total="1" passed="1" failed="0" skipped="0">
  <reporter-output>
  </reporter-output>
  <suite started-at="2022-05-17T21:40:20 GMT-04:00" name="Default suite" finished-at="2022-05-17T21:40:20 GMT-04:00" duration-ms="66">
    <groups>
    </groups>
    <test started-at="2022-05-17T21:40:20 GMT-04:00" name="Default test" finished-at="2022-05-17T21:40:20 GMT-04:00" duration-ms="66">
      <class name="Ex_assert">
        <test-method signature="Ex_assert()[pri:0, instance:Ex_assert@61d6015a]" started-at="2022-05-17T21:40:20 GMT-04:00" name="Ex_assert" finished-at="2022-05-17T21:40:20 GMT-04:00" duration-ms="14" status="PASS">
          <reporter-output>
          </reporter-output>
        </test-method> <!-- Ex_assert -->
      </class> <!-- Ex_assert -->
    </test> <!-- Default test -->
  </suite> <!-- Default suite -->
</testng-results>
