<?xml version="1.0" encoding="UTF-8"?>
<testng-results ignored="0" total="3" passed="3" failed="0" skipped="0">
  <reporter-output>
  </reporter-output>
  <suite started-at="2022-05-16T22:03:44 GMT-04:00" name="Default suite" finished-at="2022-05-16T22:03:44 GMT-04:00" duration-ms="88">
    <groups>
    </groups>
    <test started-at="2022-05-16T22:03:44 GMT-04:00" name="Default test" finished-at="2022-05-16T22:03:44 GMT-04:00" duration-ms="88">
      <class name="TestNg_Annotations">
        <test-method is-config="true" signature="beforeclass()[pri:0, instance:TestNg_Annotations@41fecb8b]" started-at="2022-05-16T22:03:44 GMT-04:00" name="beforeclass" finished-at="2022-05-16T22:03:44 GMT-04:00" duration-ms="12" status="PASS">
          <reporter-output>
          </reporter-output>
        </test-method> <!-- beforeclass -->
        <test-method is-config="true" signature="before()[pri:0, instance:TestNg_Annotations@41fecb8b]" started-at="2022-05-16T22:03:44 GMT-04:00" name="before" finished-at="2022-05-16T22:03:44 GMT-04:00" duration-ms="1" status="PASS">
          <reporter-output>
          </reporter-output>
        </test-method> <!-- before -->
        <test-method signature="test1()[pri:0, instance:TestNg_Annotations@41fecb8b]" started-at="2022-05-16T22:03:44 GMT-04:00" name="test1" finished-at="2022-05-16T22:03:44 GMT-04:00" duration-ms="8" status="PASS">
          <reporter-output>
          </reporter-output>
        </test-method> <!-- test1 -->
        <test-method is-config="true" signature="after()[pri:0, instance:TestNg_Annotations@41fecb8b]" started-at="2022-05-16T22:03:44 GMT-04:00" name="after" finished-at="2022-05-16T22:03:44 GMT-04:00" duration-ms="1" status="PASS">
          <reporter-output>
          </reporter-output>
        </test-method> <!-- after -->
        <test-method signature="test2()[pri:0, instance:TestNg_Annotations@41fecb8b]" started-at="2022-05-16T22:03:44 GMT-04:00" name="test2" finished-at="2022-05-16T22:03:44 GMT-04:00" duration-ms="2" status="PASS">
          <reporter-output>
          </reporter-output>
        </test-method> <!-- test2 -->
        <test-method is-config="true" signature="before()[pri:0, instance:TestNg_Annotations@41fecb8b]" started-at="2022-05-16T22:03:44 GMT-04:00" name="before" finished-at="2022-05-16T22:03:44 GMT-04:00" duration-ms="0" status="PASS">
          <reporter-output>
          </reporter-output>
        </test-method> <!-- before -->
        <test-method is-config="true" signature="after()[pri:0, instance:TestNg_Annotations@41fecb8b]" started-at="2022-05-16T22:03:44 GMT-04:00" name="after" finished-at="2022-05-16T22:03:44 GMT-04:00" duration-ms="1" status="PASS">
          <reporter-output>
          </reporter-output>
        </test-method> <!-- after -->
        <test-method is-config="true" signature="before()[pri:0, instance:TestNg_Annotations@41fecb8b]" started-at="2022-05-16T22:03:44 GMT-04:00" name="before" finished-at="2022-05-16T22:03:44 GMT-04:00" duration-ms="1" status="PASS">
          <reporter-output>
          </reporter-output>
        </test-method> <!-- before -->
        <test-method signature="test3()[pri:0, instance:TestNg_Annotations@41fecb8b]" started-at="2022-05-16T22:03:44 GMT-04:00" name="test3" finished-at="2022-05-16T22:03:44 GMT-04:00" duration-ms="1" status="PASS">
          <reporter-output>
          </reporter-output>
        </test-method> <!-- test3 -->
        <test-method is-config="true" signature="after()[pri:0, instance:TestNg_Annotations@41fecb8b]" started-at="2022-05-16T22:03:44 GMT-04:00" name="after" finished-at="2022-05-16T22:03:44 GMT-04:00" duration-ms="0" status="PASS">
          <reporter-output>
          </reporter-output>
        </test-method> <!-- after -->
        <test-method is-config="true" signature="afterclass()[pri:0, instance:TestNg_Annotations@41fecb8b]" started-at="2022-05-16T22:03:44 GMT-04:00" name="afterclass" finished-at="2022-05-16T22:03:44 GMT-04:00" duration-ms="0" status="PASS">
          <reporter-output>
          </reporter-output>
        </test-method> <!-- afterclass -->
      </class> <!-- TestNg_Annotations -->
    </test> <!-- Default test -->
  </suite> <!-- Default suite -->
</testng-results>
